<?xml version="1.0" encoding="UTF-8" ?>
<testsuite errors="0" failures="0" hostname="HOME-PC" name="HitTest" skipped="0" tests="4" time="0.062" timestamp="2024-06-08T08:46:02">
  <properties>
    <property name="ant.library.dir" value="C:\Program Files\Apache Ant\lib" />
    <property name="java.specification.version" value="17" />
    <property name="ant.project.name" value="lab3" />
    <property name="sun.cpu.isalist" value="amd64" />
    <property name="sun.jnu.encoding" value="Cp1251" />
    <property name="sun.arch.data.model" value="64" />
    <property name="native2ascii.resources" value="src/main/resources/native2ascii" />
    <property name="java.vendor.url" value="https://aws.amazon.com/corretto/" />
    <property name="build.properties" value="" />
    <property name="resources.dir" value="src/main/resources" />
    <property name="sun.boot.library.path" value="C:\Users\Kuchizu\.jdks\corretto-17.0.9\bin" />
    <property name="sun.java.command" value="org.apache.tools.ant.taskdefs.optional.junit.JUnitTestRunner HitTest skipNonTests=false filtertrace=true haltOnError=true haltOnFailure=true formatter=org.apache.tools.ant.taskdefs.optional.junit.SummaryJUnitResultFormatter showoutput=false outputtoformatters=true logfailedtests=true threadid=0 logtestlistenerevents=false formatter=org.apache.tools.ant.taskdefs.optional.junit.XMLJUnitResultFormatter,C:\Users\Kuchizu\Desktop\Lab-3\reports\TEST-HitTest.xml crashfile=C:\Users\Kuchizu\Desktop\Lab-3\junitvmwatcher5822078893689350232.properties propsfile=C:\Users\Kuchizu\Desktop\Lab-3\junit205347927956865953.properties" />
    <property name="test.classes.dir" value="ant/build/test/classes" />
    <property name="scp.dir" value="C:/Users/Kuchizu/Downloads/Wildfly-29.0.1.Final/standalone/deployments/" />
    <property name="jdk.debug" value="release" />
    <property name="sun.stderr.encoding" value="cp866" />
    <property name="java.specification.vendor" value="Oracle Corporation" />
    <property name="web.dir" value="src/main/webapp" />
    <property name="java.version.date" value="2023-10-17" />
    <property name="env.JAVA_HOME" value="C:/Users/Kuchizu/.jdks/corretto-17.0.9" />
    <property name="java.home" value="C:\Users\Kuchizu\.jdks\corretto-17.0.9" />
    <property name="contrib" value="lib/ant-contrib-1.0b3.jar" />
    <property name="basedir" value="C:\Users\Kuchizu\Desktop\Lab-3" />
    <property name="file.separator" value="\" />
    <property name="javadoc.dir" value="javadoc" />
    <property name="class.files.present" value="true" />
    <property name="java.vm.compressedOopsMode" value="Zero based" />
    <property name="sun.stdout.encoding" value="cp866" />
    <property name="line.separator" value="&#xd;&#xa;" />
    <property name="java.vm.specification.vendor" value="Oracle Corporation" />
    <property name="java.specification.name" value="Java Platform API Specification" />
    <property name="user.script" value="" />
    <property name="sun.management.compiler" value="HotSpot 64-Bit Tiered Compilers" />
    <property name="java.runtime.version" value="17.0.9+8-LTS" />
    <property name="user.name" value="Kuchizu" />
    <property name="svn.repo.dir" value="C:/Users/Kuchizu/Desktop/SVNRepo" />
    <property name="file.encoding" value="Cp1251" />
    <property name="java.vendor.version" value="Corretto-17.0.9.8.1" />
    <property name="dist.dir" value="dist" />
    <property name="build.dir" value="ant/build" />
    <property name="vm.args" value="" />
    <property name="java.io.tmpdir" value="C:\Temp\" />
    <property name="java.version" value="17.0.9" />
    <property name="svn.dir" value="./repo" />
    <property name="svn.repo.url" value="file:///C:/Users/Kuchizu/Desktop/SVNRepo" />
    <property name="java.vm.specification.name" value="Java Virtual Machine Specification" />
    <property name="ant.dir" value="ant" />
    <property name="ant.home" value="C:\Program Files\Apache Ant\bin\.." />
    <property name="lib.dir" value="lib" />
    <property name="sun.os.patch.level" value="" />
    <property name="native.encoding" value="Cp1251" />
    <property name="ant.version" value="Apache Ant(TM) version 1.10.14 compiled on August 16 2023" />
    <property name="java.library.path" value="C:\Users\Kuchizu\.jdks\corretto-17.0.9\bin;C:\Windows\Sun\Java\bin;C:\Windows\system32;C:\Windows;C:\Program Files\Common Files\Oracle\Java\javapath;C:\Python312\Scripts\;C:\Python312\;C:\Program Files (x86)\Common Files\Oracle\Java\javapath;C:\Windows\system32;C:\Windows;C:\Windows\System32\Wbem;C:\Windows\System32\WindowsPowerShell\v1.0\;C:\Windows\System32\OpenSSH\;C:\Program Files (x86)\NVIDIA Corporation\PhysX\Common;C:\Program Files\NVIDIA Corporation\NVIDIA NvDLISR;C:\Program Files\Git\cmd;C:\Program Files\Wolfram Research\WolframScript\;C:\Program Files\PowerShell\7\;C:\ProgramData\chocolatey\bin;C:\Users\Kuchizu\AppData\Roaming\nvm;C:\Program Files\nodejs;C:\Program Files\CMake\bin;C:\Program Files\Docker\Docker\resources\bin;C:\Program Files\TortoiseSVN\bin;C:\Program Files\Apache Ant\bin;%JAVA_HOME%\bin;C:\Users\Kuchizu\.jdks\corretto-17.0.9\bin;C:\Program Files\TortoiseSVN\bin;C:\Program Files\Go\bin;C:\Users\Kuchizu\go\bin;." />
    <property name="java.vendor" value="Amazon.com Inc." />
    <property name="classes.dir" value="ant/build/WEB-INF/classes" />
    <property name="sun.io.unicode.encoding" value="UnicodeLittle" />
    <property name="ant.file.type" value="file" />
    <property name="junit.report.dir" value="reports" />
    <property name="java.class.path" value="C:\Users\Kuchizu\Desktop\Lab-3\lib\junit-4.13.2.jar;C:\Users\Kuchizu\Desktop\Lab-3\lib\hamcrest-core-1.3.jar;C:\Users\Kuchizu\Desktop\Lab-3\ant\build\WEB-INF\classes;C:\Users\Kuchizu\Desktop\Lab-3\ant\build\test\classes;C:\Program Files\Apache Ant\lib\ant-launcher.jar;C:\Program Files\Apache Ant\lib\ant.jar;C:\Program Files\Apache Ant\lib\ant-junit.jar;C:\Program Files\Apache Ant\lib\ant-junit4.jar" />
    <property name="java.vm.vendor" value="Amazon.com Inc." />
    <property name="user.variant" value="" />
    <property name="ant.file.lab3" value="C:\Users\Kuchizu\Desktop\Lab-3\build.xml" />
    <property name="os.name" value="Windows 10" />
    <property name="java.vm.specification.version" value="17" />
    <property name="env.script" value="C:/Users/Kuchizu/Downloads/Wildfly-29.0.1.Final/bin/standalone.bat" />
    <property name="report.name" value="test.xml" />
    <property name="sun.java.launcher" value="SUN_STANDARD" />
    <property name="user.country" value="RU" />
    <property name="test.dir" value="src/test/java" />
    <property name="sun.cpu.endian" value="little" />
    <property name="user.home" value="C:\Users\Kuchizu" />
    <property name="compile.version" value="11" />
    <property name="user.language" value="ru" />
    <property name="ant.java.version" value="17" />
    <property name="main.dir" value="src/main/java" />
    <property name="classes" value="./build/classes" />
    <property name="ant.file" value="C:\Users\Kuchizu\Desktop\Lab-3\build.xml" />
    <property name="path.separator" value=";" />
    <property name="os.version" value="10.0" />
    <property name="java.runtime.name" value="OpenJDK Runtime Environment" />
    <property name="build.web.xml" value="ant/build/WEB-INF/web.xml" />
    <property name="ant.project.invoked-targets" value="test" />
    <property name="java.vm.name" value="OpenJDK 64-Bit Server VM" />
    <property name="report.dir" value="./report" />
    <property name="ant.core.lib" value="C:\Program Files\Apache Ant\lib\ant.jar" />
    <property name="java.vendor.url.bug" value="https://github.com/corretto/corretto-17/issues/" />
    <property name="junit" value="lib/junit-4.13.2.jar" />
    <property name="user.dir" value="C:\Users\Kuchizu\Desktop\Lab-3" />
    <property name="os.arch" value="amd64" />
    <property name="build.dir.lib" value="ant/build/WEB-INF/lib" />
    <property name="ant.file.type.lab3" value="file" />
    <property name="working.dir" value="C:/Users/Kuchizu/Desktop/Lab-3" />
    <property name="java.vm.info" value="mixed mode, sharing" />
    <property name="java.vm.version" value="17.0.9+8-LTS" />
    <property name="build" value="./build" />
    <property name="hamcrest" value="lib/hamcrest-core-1.3.jar" />
    <property name="java.class.version" value="61.0" />
    <property name="src.dir" value="src/main" />
    <property name="ant.project.default-target" value="build" />
  </properties>
  <testcase classname="HitTest" name="hitRectangle" time="0.0" />
  <testcase classname="HitTest" name="hitArea" time="0.0" />
  <testcase classname="HitTest" name="hitTriangle" time="0.0" />
  <testcase classname="HitTest" name="hitSector" time="0.0" />
  <system-out><![CDATA[]]></system-out>
  <system-err><![CDATA[]]></system-err>
</testsuite>
